This file contains any messages produced by compilers while
running configure, to aid debugging if configure makes a mistake.

It was created by crosstool-NG configure 1.16.0, which was
generated by GNU Autoconf 2.67.  Invocation command line was

  $ ./configure 

## --------- ##
## Platform. ##
## --------- ##

hostname = pueppi-PC
uname -m = i686
uname -r = 1.7.17(0.262/5/3)
uname -s = CYGWIN_NT-6.1-WOW64
uname -v = 2012-10-19 14:39

/usr/bin/uname -p = unknown
/bin/uname -X     = unknown

/bin/arch              = i686
/usr/bin/arch -k       = unknown
/usr/convex/getsysinfo = unknown
/usr/bin/hostinfo      = unknown
/bin/machine           = unknown
/usr/bin/oslevel       = unknown
/bin/universe          = unknown

PATH: /usr/local/bin
PATH: /usr/bin
PATH: /cygdrive/c/Program Files (x86)/Microchip/mplabc18/v3.43/mpasm
PATH: /cygdrive/c/Program Files (x86)/Microchip/mplabc18/v3.43/bin
PATH: /cygdrive/c/Program Files (x86)/Microchip/mplabc18/v3.40/mpasm
PATH: /cygdrive/c/Program Files (x86)/Microchip/mplabc18/v3.40/bin
PATH: /cygdrive/c/WinAVR-20100110/bin
PATH: /cygdrive/c/WinAVR-20100110/utils/bin
PATH: /cygdrive/c/Windows/system32
PATH: /cygdrive/c/Windows
PATH: /cygdrive/c/Windows/System32/Wbem
PATH: /cygdrive/c/Windows/System32/WindowsPowerShell/v1.0
PATH: /cygdrive/c/Program Files (x86)/ATI Technologies/ATI.ACE/Core-Static
PATH: /cygdrive/c/Program Files (x86)/GtkSharp/2.12/bin
PATH: /cygdrive/c/Program Files (x86)/Git/cmd
PATH: /cygdrive/c/Program Files (x86)/QuickTime/QTSystem
PATH: /cygdrive/c/Program Files (x86)/Windows Kits/8.0/Windows Performance Toolkit
PATH: /cygdrive/c/Program Files/Microsoft SQL Server/110/Tools/Binn
PATH: /cygdrive/c/Program Files (x86)/Microchip/mplabc18/v3.43/mpasm
PATH: /cygdrive/c/Program Files (x86)/Microchip/mplabc18/v3.43/bin
PATH: /cygdrive/c/Program Files (x86)/Microchip/mplabc18/v3.40/mpasm
PATH: /cygdrive/c/Program Files (x86)/Microchip/mplabc18/v3.40/bin
PATH: /cygdrive/c/Program Files (x86)/Microchip/xc8/v1.10/bin
PATH: /cygdrive/c/Program Files (x86)/OpenVPN/bin
PATH: /cygdrive/c/nc111nt
PATH: /cygdrive/c/Program Files (x86)/Ingenico/Ingedev_6/jre/lib
PATH: /cygdrive/c/bin/MinGW/bin
PATH: /cygdrive/c/Program Files/Java/jdk1.6.0_26/bin
PATH: /usr/lib/lapack


## ----------- ##
## Core tests. ##
## ----------- ##

configure:2278: checking build system type
configure:2292: result: i686-pc-cygwin
configure:2312: checking host system type
configure:2325: result: i686-pc-cygwin
configure:2386: checking for a BSD-compatible install
configure:2454: result: /usr/bin/install -c
configure:2465: checking for grep that handles long lines and -e
configure:2523: result: /usr/bin/grep
configure:2528: checking for egrep
configure:2590: result: /usr/bin/grep -E
configure:2609: checking for a sed that does not truncate output
configure:2673: result: /usr/bin/sed
configure:2678: checking whether sed understands -r -i -e
configure:2683: result: yes
configure:2691: checking whether ln -s works
configure:2695: result: yes
configure:2754: checking for gcc
configure:2770: found /usr/bin/gcc
configure:2781: result: gcc
configure:3010: checking for C compiler version
configure:3019: gcc --version >&5
gcc (GCC) 4.5.3
Copyright (C) 2010 Free Software Foundation, Inc.
This is free software; see the source for copying conditions.  There is NO
warranty; not even for MERCHANTABILITY or FITNESS FOR A PARTICULAR PURPOSE.

configure:3030: $? = 0
configure:3019: gcc -v >&5
Using built-in specs.
COLLECT_GCC=gcc
COLLECT_LTO_WRAPPER=/usr/lib/gcc/i686-pc-cygwin/4.5.3/lto-wrapper.exe
Target: i686-pc-cygwin
Configured with: /gnu/gcc/releases/respins/4.5.3-3/gcc4-4.5.3-3/src/gcc-4.5.3/configure --srcdir=/gnu/gcc/releases/respins/4.5.3-3/gcc4-4.5.3-3/src/gcc-4.5.3 --prefix=/usr --exec-prefix=/usr --bindir=/usr/bin --sbindir=/usr/sbin --libexecdir=/usr/lib --datadir=/usr/share --localstatedir=/var --sysconfdir=/etc --datarootdir=/usr/share --docdir=/usr/share/doc/gcc4 -C --datadir=/usr/share --infodir=/usr/share/info --mandir=/usr/share/man -v --with-gmp=/usr --with-mpfr=/usr --enable-bootstrap --enable-version-specific-runtime-libs --libexecdir=/usr/lib --enable-static --enable-shared --enable-shared-libgcc --disable-__cxa_atexit --with-gnu-ld --with-gnu-as --with-dwarf2 --disable-sjlj-exceptions --enable-languages=ada,c,c++,fortran,java,lto,objc,obj-c++ --enable-graphite --enable-lto --enable-java-awt=gtk --disable-symvers --enable-libjava --program-suffix=-4 --enable-libgomp --enable-libssp --enable-libada --enable-threads=posix --with-arch=i686 --with-tune=generic --enable-libgcj-sublibs CC=gcc-4 CXX=g++-4 CC_FOR_TARGET=gcc-4 CXX_FOR_TARGET=g++-4 GNATMAKE_FOR_TARGET=gnatmake GNATBIND_FOR_TARGET=gnatbind --with-ecj-jar=/usr/share/java/ecj.jar
Thread model: posix
gcc version 4.5.3 (GCC) 
configure:3030: $? = 0
configure:3019: gcc -V >&5
gcc: '-V' option must have argument
configure:3030: $? = 1
configure:3019: gcc -qversion >&5
gcc: unrecognized option '-qversion'
gcc: no input files
configure:3030: $? = 1
configure:3050: checking whether the C compiler works
configure:3072: gcc    conftest.c  >&5
configure:3076: $? = 0
configure:3124: result: yes
configure:3127: checking for C compiler default output file name
configure:3129: result: a.exe
configure:3135: checking for suffix of executables
configure:3142: gcc -o conftest.exe    conftest.c  >&5
configure:3146: $? = 0
configure:3168: result: .exe
configure:3190: checking whether we are cross compiling
configure:3198: gcc -o conftest.exe    conftest.c  >&5
configure:3202: $? = 0
configure:3209: ./conftest.exe
configure:3213: $? = 0
configure:3228: result: no
configure:3233: checking for suffix of object files
configure:3255: gcc -c   conftest.c >&5
configure:3259: $? = 0
configure:3280: result: o
configure:3284: checking whether we are using the GNU C compiler
configure:3303: gcc -c   conftest.c >&5
configure:3303: $? = 0
configure:3312: result: yes
configure:3321: checking whether gcc accepts -g
configure:3341: gcc -c -g  conftest.c >&5
configure:3341: $? = 0
configure:3382: result: yes
configure:3399: checking for gcc option to accept ISO C89
configure:3463: gcc  -c -g -O2  conftest.c >&5
configure:3463: $? = 0
configure:3476: result: none needed
configure:3504: checking how to run the C preprocessor
configure:3535: gcc -E  conftest.c
configure:3535: $? = 0
configure:3549: gcc -E  conftest.c
conftest.c:9:28: fatal error: ac_nonexistent.h: No such file or directory
compilation terminated.
configure:3549: $? = 1
configure: failed program was:
| /* confdefs.h */
| #define PACKAGE_NAME "crosstool-NG"
| #define PACKAGE_TARNAME "crosstool-ng"
| #define PACKAGE_VERSION "1.16.0"
| #define PACKAGE_STRING "crosstool-NG 1.16.0"
| #define PACKAGE_BUGREPORT "crossgcc@sourceware.org"
| #define PACKAGE_URL ""
| /* end confdefs.h.  */
| #include <ac_nonexistent.h>
configure:3574: result: gcc -E
configure:3594: gcc -E  conftest.c
configure:3594: $? = 0
configure:3608: gcc -E  conftest.c
conftest.c:9:28: fatal error: ac_nonexistent.h: No such file or directory
compilation terminated.
configure:3608: $? = 1
configure: failed program was:
| /* confdefs.h */
| #define PACKAGE_NAME "crosstool-NG"
| #define PACKAGE_TARNAME "crosstool-ng"
| #define PACKAGE_VERSION "1.16.0"
| #define PACKAGE_STRING "crosstool-NG 1.16.0"
| #define PACKAGE_BUGREPORT "crossgcc@sourceware.org"
| #define PACKAGE_URL ""
| /* end confdefs.h.  */
| #include <ac_nonexistent.h>
configure:3706: checking for ranlib
configure:3722: found /usr/bin/ranlib
configure:3733: result: ranlib
configure:3804: checking for objcopy
configure:3820: found /usr/bin/objcopy
configure:3831: result: objcopy
configure:3863: checking for absolute path to objcopy
configure:3866: result: /usr/bin/objcopy
configure:3920: checking for objdump
configure:3936: found /usr/bin/objdump
configure:3947: result: objdump
configure:3979: checking for absolute path to objdump
configure:3982: result: /usr/bin/objdump
configure:4036: checking for readelf
configure:4052: found /usr/bin/readelf
configure:4063: result: readelf
configure:4095: checking for absolute path to readelf
configure:4098: result: /usr/bin/readelf
configure:4108: checking for bison
configure:4124: found /usr/bin/bison
configure:4135: result: bison
configure:4154: checking for flex
configure:4170: found /usr/bin/flex
configure:4181: result: flex
configure:4200: checking for gperf
configure:4216: found /usr/bin/gperf
configure:4227: result: gperf
configure:4246: checking for makeinfo
configure:4262: found /usr/bin/makeinfo
configure:4273: result: makeinfo
configure:4292: checking for cut
configure:4308: found /usr/bin/cut
configure:4319: result: cut
configure:4338: checking for stat
configure:4354: found /usr/bin/stat
configure:4365: result: stat
configure:4384: checking for readlink
configure:4400: found /usr/bin/readlink
configure:4411: result: readlink
configure:4430: checking for wget
configure:4446: found /usr/bin/wget
configure:4457: result: wget
configure:4476: checking for tar
configure:4492: found /usr/bin/tar
configure:4503: result: tar
configure:4522: checking for gzip
configure:4538: found /usr/bin/gzip
configure:4549: result: gzip
configure:4568: checking for bzip2
configure:4584: found /usr/bin/bzip2
configure:4595: result: bzip2
configure:4618: checking for patch
configure:4636: found /usr/bin/patch
configure:4648: result: /usr/bin/patch
configure:4679: checking for bash >= 3.1
configure:4714: result: /usr/bin/bash
configure:4731: checking for GNU awk
configure:4766: result: /usr/bin/awk
configure:4784: checking for GNU make >= 3.80
configure:4819: result: /usr/bin/make
configure:4823: checking whether /usr/bin/make sets $(MAKE)
configure:4845: result: yes
configure:4868: checking for GNU libtool >= 1.5.26
configure:4903: result: /usr/bin/libtool
configure:4921: checking for GNU libtoolize >= 1.5.26
configure:4956: result: /usr/bin/libtoolize
configure:4974: checking for GNU automake >= 1.10
configure:5009: result: /usr/bin/automake
configure:5024: checking for xz
configure:5040: found /usr/bin/xz
configure:5051: result: xz
configure:5124: checking for cvs
configure:5140: found /usr/bin/cvs
configure:5151: result: cvs
configure:5174: checking for svn
configure:5190: found /usr/bin/svn
configure:5201: result: svn
configure:5223: checking for inline
configure:5239: gcc -c -g -O2  conftest.c >&5
configure:5239: $? = 0
configure:5247: result: inline
configure:5266: checking for ANSI C header files
configure:5286: gcc -c -g -O2  conftest.c >&5
configure:5286: $? = 0
configure:5359: gcc -o conftest.exe -g -O2   conftest.c  >&5
configure:5359: $? = 0
configure:5359: ./conftest.exe
configure:5359: $? = 0
configure:5370: result: yes
configure:5383: checking for sys/types.h
configure:5383: gcc -c -g -O2  conftest.c >&5
configure:5383: $? = 0
configure:5383: result: yes
configure:5383: checking for sys/stat.h
configure:5383: gcc -c -g -O2  conftest.c >&5
configure:5383: $? = 0
configure:5383: result: yes
configure:5383: checking for stdlib.h
configure:5383: gcc -c -g -O2  conftest.c >&5
configure:5383: $? = 0
configure:5383: result: yes
configure:5383: checking for string.h
configure:5383: gcc -c -g -O2  conftest.c >&5
configure:5383: $? = 0
configure:5383: result: yes
configure:5383: checking for memory.h
configure:5383: gcc -c -g -O2  conftest.c >&5
configure:5383: $? = 0
configure:5383: result: yes
configure:5383: checking for strings.h
configure:5383: gcc -c -g -O2  conftest.c >&5
configure:5383: $? = 0
configure:5383: result: yes
configure:5383: checking for inttypes.h
configure:5383: gcc -c -g -O2  conftest.c >&5
configure:5383: $? = 0
configure:5383: result: yes
configure:5383: checking for stdint.h
configure:5383: gcc -c -g -O2  conftest.c >&5
configure:5383: $? = 0
configure:5383: result: yes
configure:5383: checking for unistd.h
configure:5383: gcc -c -g -O2  conftest.c >&5
configure:5383: $? = 0
configure:5383: result: yes
configure:5397: checking for stdlib.h
configure:5397: result: yes
configure:5407: checking for GNU libc compatible malloc
configure:5431: gcc -o conftest.exe -g -O2   conftest.c  >&5
configure:5431: $? = 0
configure:5431: ./conftest.exe
configure:5431: $? = 0
configure:5441: result: yes
configure:5464: checking for stdlib.h
configure:5464: result: yes
configure:5474: checking for GNU libc compatible realloc
configure:5498: gcc -o conftest.exe -g -O2   conftest.c  >&5
configure:5498: $? = 0
configure:5498: ./conftest.exe
configure:5498: $? = 0
configure:5508: result: yes
configure:5531: checking for working alloca.h
configure:5548: gcc -o conftest.exe -g -O2   conftest.c  >&5
configure:5548: $? = 0
configure:5556: result: yes
configure:5564: checking for alloca
configure:5601: gcc -o conftest.exe -g -O2   conftest.c  >&5
configure:5601: $? = 0
configure:5609: result: yes
configure:5724: checking libintl.h usability
configure:5724: gcc -c -g -O2  conftest.c >&5
configure:5724: $? = 0
configure:5724: result: yes
configure:5724: checking libintl.h presence
configure:5724: gcc -E  conftest.c
configure:5724: $? = 0
configure:5724: result: yes
configure:5724: checking for libintl.h
configure:5724: result: yes
configure:5735: checking whether gettext is declared
configure:5735: gcc -c -g -O2  conftest.c >&5
configure:5735: $? = 0
configure:5735: result: yes
configure:5750: checking ncurses/ncurses.h usability
configure:5750: gcc -c -g -O2  conftest.c >&5
configure:5750: $? = 0
configure:5750: result: yes
configure:5750: checking ncurses/ncurses.h presence
configure:5750: gcc -E  conftest.c
configure:5750: $? = 0
configure:5750: result: yes
configure:5750: checking for ncurses/ncurses.h
configure:5750: result: yes
configure:5763: checking for library containing initscr
configure:5794: gcc -o conftest.exe -g -O2   conftest.c  >&5
/tmp/cchVEyTc.o: In function `main':
/home/pueppi/crosstool-ng-1.16.0/conftest.c:38: undefined reference to `_initscr'
collect2: ld returned 1 exit status
configure:5794: $? = 1
configure: failed program was:
| /* confdefs.h */
| #define PACKAGE_NAME "crosstool-NG"
| #define PACKAGE_TARNAME "crosstool-ng"
| #define PACKAGE_VERSION "1.16.0"
| #define PACKAGE_STRING "crosstool-NG 1.16.0"
| #define PACKAGE_BUGREPORT "crossgcc@sourceware.org"
| #define PACKAGE_URL ""
| #define STDC_HEADERS 1
| #define HAVE_SYS_TYPES_H 1
| #define HAVE_SYS_STAT_H 1
| #define HAVE_STDLIB_H 1
| #define HAVE_STRING_H 1
| #define HAVE_MEMORY_H 1
| #define HAVE_STRINGS_H 1
| #define HAVE_INTTYPES_H 1
| #define HAVE_STDINT_H 1
| #define HAVE_UNISTD_H 1
| #define HAVE_STDLIB_H 1
| #define HAVE_MALLOC 1
| #define HAVE_STDLIB_H 1
| #define HAVE_REALLOC 1
| #define HAVE_ALLOCA_H 1
| #define HAVE_ALLOCA 1
| #define HAVE_LIBINTL_H 1
| #define HAVE_NCURSES_NCURSES_H 1
| /* end confdefs.h.  */
| 
| /* Override any GCC internal prototype to avoid an error.
|    Use char because int might match the return type of a GCC
|    builtin and then its argument prototype would still apply.  */
| #ifdef __cplusplus
| extern "C"
| #endif
| char initscr ();
| int
| main ()
| {
| return initscr ();
|   ;
|   return 0;
| }
configure:5794: gcc -o conftest.exe -g -O2   conftest.c -lncursesw   >&5
configure:5794: $? = 0
configure:5811: result: -lncursesw
configure:6016: creating ./config.status

## ---------------------- ##
## Running config.status. ##
## ---------------------- ##

This file was extended by crosstool-NG config.status 1.16.0, which was
generated by GNU Autoconf 2.67.  Invocation command line was

  CONFIG_FILES    = 
  CONFIG_HEADERS  = 
  CONFIG_LINKS    = 
  CONFIG_COMMANDS = 
  $ ./config.status 

on pueppi-PC

config.status:785: creating Makefile

## ---------------- ##
## Cache variables. ##
## ---------------- ##

ac_cv_build=i686-pc-cygwin
ac_cv_c_compiler_gnu=yes
ac_cv_c_inline=inline
ac_cv_env_CC_set=
ac_cv_env_CC_value=
ac_cv_env_CFLAGS_set=
ac_cv_env_CFLAGS_value=
ac_cv_env_CPPFLAGS_set=
ac_cv_env_CPPFLAGS_value=
ac_cv_env_CPP_set=
ac_cv_env_CPP_value=
ac_cv_env_LDFLAGS_set=
ac_cv_env_LDFLAGS_value=
ac_cv_env_LIBS_set=
ac_cv_env_LIBS_value=
ac_cv_env_build_alias_set=
ac_cv_env_build_alias_value=
ac_cv_env_host_alias_set=
ac_cv_env_host_alias_value=
ac_cv_env_target_alias_set=
ac_cv_env_target_alias_value=
ac_cv_exeext=.exe
ac_cv_func_alloca_works=yes
ac_cv_func_malloc_0_nonnull=yes
ac_cv_func_realloc_0_nonnull=yes
ac_cv_have_decl_gettext=yes
ac_cv_header_inttypes_h=yes
ac_cv_header_libintl_h=yes
ac_cv_header_memory_h=yes
ac_cv_header_ncurses_ncurses_h=yes
ac_cv_header_stdc=yes
ac_cv_header_stdint_h=yes
ac_cv_header_stdlib_h=yes
ac_cv_header_string_h=yes
ac_cv_header_strings_h=yes
ac_cv_header_sys_stat_h=yes
ac_cv_header_sys_types_h=yes
ac_cv_header_unistd_h=yes
ac_cv_host=i686-pc-cygwin
ac_cv_objext=o
ac_cv_path_EGREP='/usr/bin/grep -E'
ac_cv_path_GREP=/usr/bin/grep
ac_cv_path_LIBTOOL=/usr/bin/libtool
ac_cv_path_LIBTOOLIZE=/usr/bin/libtoolize
ac_cv_path_MAKE=/usr/bin/make
ac_cv_path_PATCH=/usr/bin/patch
ac_cv_path_SED=/usr/bin/sed
ac_cv_path__AWK=/usr/bin/awk
ac_cv_path__BASH=/usr/bin/bash
ac_cv_path_automake=/usr/bin/automake
ac_cv_path_install='/usr/bin/install -c'
ac_cv_prog_CPP='gcc -E'
ac_cv_prog_ac_ct_CC=gcc
ac_cv_prog_ac_ct_OBJCOPY=objcopy
ac_cv_prog_ac_ct_OBJDUMP=objdump
ac_cv_prog_ac_ct_RANLIB=ranlib
ac_cv_prog_ac_ct_READELF=readelf
ac_cv_prog_bison=bison
ac_cv_prog_bzip2=bzip2
ac_cv_prog_cc_c89=
ac_cv_prog_cc_g=yes
ac_cv_prog_cut=cut
ac_cv_prog_cvs=cvs
ac_cv_prog_flex=flex
ac_cv_prog_gperf=gperf
ac_cv_prog_gzip=gzip
ac_cv_prog_make__usr_bin_make_set=yes
ac_cv_prog_makeinfo=makeinfo
ac_cv_prog_readlink=readlink
ac_cv_prog_stat=stat
ac_cv_prog_svn=svn
ac_cv_prog_tar=tar
ac_cv_prog_wget=wget
ac_cv_prog_xz=xz
ac_cv_search_initscr=-lncursesw
ac_cv_working_alloca_h=yes

## ----------------- ##
## Output variables. ##
## ----------------- ##

ALLOCA=''
CC='gcc'
CFLAGS='-g -O2'
CPP='gcc -E'
CPPFLAGS=''
DATE='20121025'
DEFS='-DPACKAGE_NAME=\"crosstool-NG\" -DPACKAGE_TARNAME=\"crosstool-ng\" -DPACKAGE_VERSION=\"1.16.0\" -DPACKAGE_STRING=\"crosstool-NG\ 1.16.0\" -DPACKAGE_BUGREPORT=\"crossgcc@sourceware.org\" -DPACKAGE_URL=\"\" -DSTDC_HEADERS=1 -DHAVE_SYS_TYPES_H=1 -DHAVE_SYS_STAT_H=1 -DHAVE_STDLIB_H=1 -DHAVE_STRING_H=1 -DHAVE_MEMORY_H=1 -DHAVE_STRINGS_H=1 -DHAVE_INTTYPES_H=1 -DHAVE_STDINT_H=1 -DHAVE_UNISTD_H=1 -DHAVE_STDLIB_H=1 -DHAVE_MALLOC=1 -DHAVE_STDLIB_H=1 -DHAVE_REALLOC=1 -DHAVE_ALLOCA_H=1 -DHAVE_ALLOCA=1 -DHAVE_LIBINTL_H=1 -DHAVE_NCURSES_NCURSES_H=1'
ECHO_C=''
ECHO_N='-n'
ECHO_T=''
EGREP='/usr/bin/grep -E'
EXEEXT='.exe'
GREP='/usr/bin/grep'
INSTALL_DATA='${INSTALL} -m 644'
INSTALL_PROGRAM='${INSTALL}'
INSTALL_SCRIPT='${INSTALL}'
LDFLAGS=''
LIBOBJS=''
LIBS='-lncursesw '
LIBTOOL='/usr/bin/libtool'
LIBTOOLIZE='/usr/bin/libtoolize'
LN_S='ln -s'
LTLIBOBJS=''
MAKE='/usr/bin/make'
OBJCOPY='/usr/bin/objcopy'
OBJDUMP='/usr/bin/objdump'
OBJEXT='o'
PACKAGE_BUGREPORT='crossgcc@sourceware.org'
PACKAGE_NAME='crosstool-NG'
PACKAGE_STRING='crosstool-NG 1.16.0'
PACKAGE_TARNAME='crosstool-ng'
PACKAGE_URL=''
PACKAGE_VERSION='1.16.0'
PATCH='/usr/bin/patch'
PATH_SEPARATOR=':'
RANLIB='ranlib'
READELF='/usr/bin/readelf'
SED='/usr/bin/sed'
SET_MAKE=''
SHELL='/bin/sh'
_AWK='/usr/bin/awk'
_BASH='/usr/bin/bash'
ac_ct_CC='gcc'
ac_ct_OBJCOPY='objcopy'
ac_ct_OBJDUMP='objdump'
ac_ct_READELF='readelf'
ac_ct_curses_hdr='ncurses/ncurses.h'
automake='/usr/bin/automake'
bindir='${exec_prefix}/bin'
bison='bison'
build='i686-pc-cygwin'
build_alias=''
build_cpu='i686'
build_os='cygwin'
build_vendor='pc'
bzip2='bzip2'
cut='cut'
cvs='cvs'
datadir='${datarootdir}'
datarootdir='${prefix}/share'
docdir='${datarootdir}/doc/${PACKAGE_TARNAME}'
dvidir='${docdir}'
enable_local='no'
exec_prefix='${prefix}'
flex='flex'
gettext='y'
gperf='gperf'
gzip='gzip'
host='i686-pc-cygwin'
host_alias=''
host_cpu='i686'
host_os='cygwin'
host_vendor='pc'
htmldir='${docdir}'
includedir='${prefix}/include'
infodir='${datarootdir}/info'
kconfig_options=' has_xz=y has_lzma has_cvs=y has_svn=y'
libdir='${exec_prefix}/lib'
libexecdir='${exec_prefix}/libexec'
localedir='${datarootdir}/locale'
localstatedir='${prefix}/var'
lzma=''
makeinfo='makeinfo'
mandir='${datarootdir}/man'
oldincludedir='/usr/include'
pdfdir='${docdir}'
prefix='/usr/local'
program_transform_name='s,x,x,'
psdir='${docdir}'
readlink='readlink'
sbindir='${exec_prefix}/sbin'
sharedstatedir='${prefix}/com'
stat='stat'
subdocdir='/ct-ng.${VERSION}'
sublibdir='/ct-ng.${VERSION}'
svn='svn'
sysconfdir='${prefix}/etc'
tar='tar'
target_alias=''
wget='wget'
xz='xz'

## ----------- ##
## confdefs.h. ##
## ----------- ##

/* confdefs.h */
#define PACKAGE_NAME "crosstool-NG"
#define PACKAGE_TARNAME "crosstool-ng"
#define PACKAGE_VERSION "1.16.0"
#define PACKAGE_STRING "crosstool-NG 1.16.0"
#define PACKAGE_BUGREPORT "crossgcc@sourceware.org"
#define PACKAGE_URL ""
#define STDC_HEADERS 1
#define HAVE_SYS_TYPES_H 1
#define HAVE_SYS_STAT_H 1
#define HAVE_STDLIB_H 1
#define HAVE_STRING_H 1
#define HAVE_MEMORY_H 1
#define HAVE_STRINGS_H 1
#define HAVE_INTTYPES_H 1
#define HAVE_STDINT_H 1
#define HAVE_UNISTD_H 1
#define HAVE_STDLIB_H 1
#define HAVE_MALLOC 1
#define HAVE_STDLIB_H 1
#define HAVE_REALLOC 1
#define HAVE_ALLOCA_H 1
#define HAVE_ALLOCA 1
#define HAVE_LIBINTL_H 1
#define HAVE_NCURSES_NCURSES_H 1

configure: exit 0
